<?xml version="1.0" encoding="UTF-8"?>
<!-- Generated by org.testng.reporters.JUnitReportReporter -->
<testsuite hostname="DESKTOP-T66DB6V" failures="0" tests="10" name="com.TestCases.TC01_VerifyLogin" time="97.688" errors="0" timestamp="2023-01-11T12:56:40 IST" skipped="0">
  <testcase classname="com.TestCases.TC01_VerifyLogin" name="LoginTest" time="6.561"/>
  <system-out/>
  <testcase classname="com.TestCases.TC01_VerifyLogin" name="LoginTest" time="9.815"/>
  <system-out/>
  <testcase classname="com.TestCases.TC01_VerifyLogin" name="LoginTest" time="5.970"/>
  <system-out/>
  <testcase classname="com.TestCases.TC01_VerifyLogin" name="LoginTest" time="5.830"/>
  <system-out/>
  <testcase classname="com.TestCases.TC01_VerifyLogin" name="LoginTest" time="5.913"/>
  <system-out/>
  <testcase classname="com.TestCases.TC01_VerifyLogin" name="LoginTest" time="12.115"/>
  <system-out/>
  <testcase classname="com.TestCases.TC01_VerifyLogin" name="LoginTest" time="13.365"/>
  <system-out/>
  <testcase classname="com.TestCases.TC01_VerifyLogin" name="LoginTest" time="12.655"/>
  <system-out/>
  <testcase classname="com.TestCases.TC01_VerifyLogin" name="LoginTest" time="6.508"/>
  <system-out/>
  <testcase classname="com.TestCases.TC01_VerifyLogin" name="LoginTest" time="18.956"/>
  <system-out/>
</testsuite> <!-- com.TestCases.TC01_VerifyLogin -->
